
pract4.elf:     file format elf32-littlearm

Sections:
Idx Name          Size      VMA       LMA       File off  Algn
  0 .bss          000002a0  0c000000  0c000000  00008000  2**2
                  ALLOC
  1 .text         000002d4  0c0002a0  0c0002a0  000002a0  2**2
                  CONTENTS, ALLOC, LOAD, READONLY, CODE
  2 .ARM.attributes 0000002e  00000000  00000000  00000574  2**0
                  CONTENTS, READONLY
  3 .comment      0000002a  00000000  00000000  000005a2  2**0
                  CONTENTS, READONLY
  4 .debug_line   00000408  00000000  00000000  000005cc  2**0
                  CONTENTS, READONLY, DEBUGGING
  5 .debug_info   00000468  00000000  00000000  000009d4  2**0
                  CONTENTS, READONLY, DEBUGGING
  6 .debug_abbrev 00000202  00000000  00000000  00000e3c  2**0
                  CONTENTS, READONLY, DEBUGGING
  7 .debug_aranges 00000080  00000000  00000000  00001040  2**3
                  CONTENTS, READONLY, DEBUGGING
  8 .debug_macinfo 00006cae  00000000  00000000  000010c0  2**0
                  CONTENTS, READONLY, DEBUGGING
  9 .debug_loc    00000240  00000000  00000000  00007d6e  2**0
                  CONTENTS, READONLY, DEBUGGING
 10 .debug_pubnames 000000ae  00000000  00000000  00007fae  2**0
                  CONTENTS, READONLY, DEBUGGING
 11 .debug_pubtypes 00000060  00000000  00000000  0000805c  2**0
                  CONTENTS, READONLY, DEBUGGING
 12 .debug_str    00000142  00000000  00000000  000080bc  2**0
                  CONTENTS, READONLY, DEBUGGING
 13 .debug_frame  000000dc  00000000  00000000  00008200  2**2
                  CONTENTS, READONLY, DEBUGGING

Disassembly of section .text:

0c0002a0 <start>:
 c0002a0:	e59fd008 	ldr	sp, [pc, #8]	; c0002b0 <End+0x4>
 c0002a4:	e3a0b000 	mov	fp, #0
 c0002a8:	eb00001d 	bl	c000324 <main>

0c0002ac <End>:
 c0002ac:	eafffffe 	b	c0002ac <End>
 c0002b0:	0c7ff000 	.word	0x0c7ff000

0c0002b4 <initRGB>:
pixelRGB imagenRGB[N][M];
int imagenGris[N][M];
int imagenBinaria[N][M];
int unosPorFila[N];

void initRGB(pixelRGB m[N][M], int nfilas, int ncols) {
 c0002b4:	e92d0070 	push	{r4, r5, r6}

    int i,j;
    
    for (i=0;i<nfilas;i++)
 c0002b8:	e3510000 	cmp	r1, #0
 c0002bc:	da000016 	ble	c00031c <initRGB+0x68>
pixelRGB imagenRGB[N][M];
int imagenGris[N][M];
int imagenBinaria[N][M];
int unosPorFila[N];

void initRGB(pixelRGB m[N][M], int nfilas, int ncols) {
 c0002c0:	e0811101 	add	r1, r1, r1, lsl #2
 c0002c4:	e0815101 	add	r5, r1, r1, lsl #2
 c0002c8:	e3a04000 	mov	r4, #0

    int i,j;
    
    for (i=0;i<nfilas;i++)
        for (j=0; j<ncols; j++) {
 c0002cc:	e1a06004 	mov	r6, r4
 c0002d0:	ea00000b 	b	c000304 <initRGB+0x50>
            m[i][j].R = (i+j)*FACTOR;
 c0002d4:	e5813000 	str	r3, [r1]
            m[i][j].G = (i+j)*FACTOR;
 c0002d8:	e5813004 	str	r3, [r1, #4]
            m[i][j].B = (i+j)*FACTOR;
 c0002dc:	e5813008 	str	r3, [r1, #8]
void initRGB(pixelRGB m[N][M], int nfilas, int ncols) {

    int i,j;
    
    for (i=0;i<nfilas;i++)
        for (j=0; j<ncols; j++) {
 c0002e0:	e28cc001 	add	ip, ip, #1
 c0002e4:	e2833019 	add	r3, r3, #25
 c0002e8:	e281100c 	add	r1, r1, #12
 c0002ec:	e15c0002 	cmp	ip, r2
 c0002f0:	1afffff7 	bne	c0002d4 <initRGB+0x20>
 c0002f4:	e2844019 	add	r4, r4, #25
 c0002f8:	e2800030 	add	r0, r0, #48	; 0x30

void initRGB(pixelRGB m[N][M], int nfilas, int ncols) {

    int i,j;
    
    for (i=0;i<nfilas;i++)
 c0002fc:	e1540005 	cmp	r4, r5
 c000300:	0a000005 	beq	c00031c <initRGB+0x68>
        for (j=0; j<ncols; j++) {
 c000304:	e3520000 	cmp	r2, #0
 c000308:	c1a01000 	movgt	r1, r0
 c00030c:	c1a03004 	movgt	r3, r4
 c000310:	c1a0c006 	movgt	ip, r6
 c000314:	caffffee 	bgt	c0002d4 <initRGB+0x20>
 c000318:	eafffff5 	b	c0002f4 <initRGB+0x40>
            m[i][j].R = (i+j)*FACTOR;
            m[i][j].G = (i+j)*FACTOR;
            m[i][j].B = (i+j)*FACTOR;
            //(i+j)*FACTOR
        }
}
 c00031c:	e8bd0070 	pop	{r4, r5, r6}
 c000320:	e12fff1e 	bx	lr

0c000324 <main>:



int main() {
 c000324:	e1a0c00d 	mov	ip, sp
 c000328:	e92dd830 	push	{r4, r5, fp, ip, lr, pc}
 c00032c:	e24cb004 	sub	fp, ip, #4
    
    // 1. Crear una matriz NxM de diferentes colores

	initRGB(imagenRGB,N,M);
 c000330:	e59f4060 	ldr	r4, [pc, #96]	; c000398 <main+0x74>
 c000334:	e1a00004 	mov	r0, r4
 c000338:	e3a01008 	mov	r1, #8
 c00033c:	e3a02004 	mov	r2, #4
 c000340:	ebffffdb 	bl	c0002b4 <initRGB>

	// 2. Traducir la matriz RGB a una matriz de grises

    RGB2GrayMatrix(imagenRGB,imagenGris,N,M);
 c000344:	e59f5050 	ldr	r5, [pc, #80]	; c00039c <main+0x78>
 c000348:	e1a00004 	mov	r0, r4
 c00034c:	e1a01005 	mov	r1, r5
 c000350:	e3a02008 	mov	r2, #8
 c000354:	e3a03004 	mov	r3, #4
 c000358:	eb000062 	bl	c0004e8 <RGB2GrayMatrix>

    // 3. Traducir la matriz de grises a una matriz en blanco y negro

    Gray2BinaryMatrix(imagenGris,imagenBinaria,N,M);
 c00035c:	e59f403c 	ldr	r4, [pc, #60]	; c0003a0 <main+0x7c>
 c000360:	e1a00005 	mov	r0, r5
 c000364:	e1a01004 	mov	r1, r4
 c000368:	e3a02008 	mov	r2, #8
 c00036c:	e3a03004 	mov	r3, #4
 c000370:	eb000022 	bl	c000400 <Gray2BinaryMatrix>

    // Contar los unos que aparecen por filas en la matriz de blanco y negro

    contarUnos(imagenBinaria,unosPorFila,N,M);
 c000374:	e1a00004 	mov	r0, r4
 c000378:	e59f1024 	ldr	r1, [pc, #36]	; c0003a4 <main+0x80>
 c00037c:	e3a02008 	mov	r2, #8
 c000380:	e3a03004 	mov	r3, #4
 c000384:	eb000007 	bl	c0003a8 <contarUnos>

    return 0;
}
 c000388:	e3a00000 	mov	r0, #0
 c00038c:	e24bd014 	sub	sp, fp, #20
 c000390:	e89d6830 	ldm	sp, {r4, r5, fp, sp, lr}
 c000394:	e12fff1e 	bx	lr
 c000398:	0c000000 	.word	0x0c000000
 c00039c:	0c000220 	.word	0x0c000220
 c0003a0:	0c000180 	.word	0x0c000180
 c0003a4:	0c000200 	.word	0x0c000200

0c0003a8 <contarUnos>:


.text

contarUnos:
  		push {r4-r8} // Guardamos el valor de R4 a R8
 c0003a8:	e92d01f0 	push	{r4, r5, r6, r7, r8}
        mov r4,#0 //Declaramos i (i=0)
 c0003ac:	e3a04000 	mov	r4, #0

0c0003b0 <for>:

for:    cmp r4,r2 //Comparamos i con el numero de filas
 c0003b0:	e1540002 	cmp	r4, r2
        bge fin //Si i es mayor que el numero de filas,vamos a fin
 c0003b4:	aa00000f 	bge	c0003f8 <fin>
        mov r6,#0 //Vector[i]=0;
 c0003b8:	e3a06000 	mov	r6, #0
        mov r5,#0 //Declaramos j (j=0)
 c0003bc:	e3a05000 	mov	r5, #0

0c0003c0 <for2>:

for2:   cmp r5,r3 //Comparamos j con el numero de columnas
 c0003c0:	e1550003 	cmp	r5, r3
        bge fin2 //Si j es mayor que el numero de columnas vamos a fin2
 c0003c4:	aa000008 	bge	c0003ec <fin2>
        mov r7,#0
 c0003c8:	e3a07000 	mov	r7, #0
        mul r7,r4,r3 //R7= (i * numero de columnas )
 c0003cc:	e0070394 	mul	r7, r4, r3
        add r7,r7,r5 //R7=(i * numero de columnas ) + j
 c0003d0:	e0877005 	add	r7, r7, r5
        ldr r8,[r0,r7,lsl#2]// Creamos el array necesario
 c0003d4:	e7908107 	ldr	r8, [r0, r7, lsl #2]
        cmp r8,#1 //Comparamos el array creado con 1
 c0003d8:	e3580001 	cmp	r8, #1
        bne else  //Si es distinto vamos a else
 c0003dc:	1a000000 	bne	c0003e4 <else>
        add r6,r6,#1 // vector[i]++;
 c0003e0:	e2866001 	add	r6, r6, #1

0c0003e4 <else>:

else:  add r5,r5,#1 //j++
 c0003e4:	e2855001 	add	r5, r5, #1
       b for2 //vuelta al for 2
 c0003e8:	eafffff4 	b	c0003c0 <for2>

0c0003ec <fin2>:


fin2:  str r6,[r1,r4,lsl#2] //Guardamos el valor de V(i)
 c0003ec:	e7816104 	str	r6, [r1, r4, lsl #2]
       add r4,r4,#1 //i++
 c0003f0:	e2844001 	add	r4, r4, #1
       b for
 c0003f4:	eaffffed 	b	c0003b0 <for>

0c0003f8 <fin>:

fin:
       pop {r4-r8} //Recuperamos los valores de r4-r8
 c0003f8:	e8bd01f0 	pop	{r4, r5, r6, r7, r8}
       //mov pc,lr
       bx lr
 c0003fc:	e12fff1e 	bx	lr

0c000400 <Gray2BinaryMatrix>:
        for (j=0; j<ncols; j++)
            dest[i][j] =  rgb2gray(orig[i][j]);
    
}

void Gray2BinaryMatrix(int orig[N][M], int dest[N][M], int nfilas, int ncols) {
 c000400:	e92d07f0 	push	{r4, r5, r6, r7, r8, r9, sl}
 c000404:	e24dd00c 	sub	sp, sp, #12
    int i,j;
    int umbral = 127;
    
    for (i=0;i<nfilas;i++)
 c000408:	e2529000 	subs	r9, r2, #0
 c00040c:	da00001b 	ble	c000480 <Gray2BinaryMatrix+0x80>
 c000410:	e3a0a000 	mov	sl, #0
        for (j=0; j<ncols; j++)
 c000414:	e1a0500a 	mov	r5, sl
 c000418:	e58da004 	str	sl, [sp, #4]
            if (orig[i][j] > umbral)
                dest[i][j]=1;
 c00041c:	e3a08001 	mov	r8, #1
 c000420:	ea00000e 	b	c000460 <Gray2BinaryMatrix+0x60>
    int i,j;
    int umbral = 127;
    
    for (i=0;i<nfilas;i++)
        for (j=0; j<ncols; j++)
            if (orig[i][j] > umbral)
 c000424:	e7970002 	ldr	r0, [r7, r2]
                dest[i][j]=1;
 c000428:	e3500080 	cmp	r0, #128	; 0x80
 c00042c:	b1a00005 	movlt	r0, r5
 c000430:	a1a00008 	movge	r0, r8
 c000434:	e7860002 	str	r0, [r6, r2]
void Gray2BinaryMatrix(int orig[N][M], int dest[N][M], int nfilas, int ncols) {
    int i,j;
    int umbral = 127;
    
    for (i=0;i<nfilas;i++)
        for (j=0; j<ncols; j++)
 c000438:	e28cc001 	add	ip, ip, #1
 c00043c:	e2822004 	add	r2, r2, #4
 c000440:	e15c0003 	cmp	ip, r3
 c000444:	1afffff6 	bne	c000424 <Gray2BinaryMatrix+0x24>
 c000448:	e1a00004 	mov	r0, r4

void Gray2BinaryMatrix(int orig[N][M], int dest[N][M], int nfilas, int ncols) {
    int i,j;
    int umbral = 127;
    
    for (i=0;i<nfilas;i++)
 c00044c:	e28aa001 	add	sl, sl, #1
 c000450:	e2811010 	add	r1, r1, #16
 c000454:	e2800010 	add	r0, r0, #16
 c000458:	e15a0009 	cmp	sl, r9
 c00045c:	0a000007 	beq	c000480 <Gray2BinaryMatrix+0x80>
        for (j=0; j<ncols; j++)
 c000460:	e3530000 	cmp	r3, #0
 c000464:	dafffff8 	ble	c00044c <Gray2BinaryMatrix+0x4c>
 c000468:	e1a07000 	mov	r7, r0
 c00046c:	e1a06001 	mov	r6, r1
 c000470:	e1a02005 	mov	r2, r5
 c000474:	e59dc004 	ldr	ip, [sp, #4]
 c000478:	e1a04000 	mov	r4, r0
 c00047c:	eaffffe8 	b	c000424 <Gray2BinaryMatrix+0x24>
            if (orig[i][j] > umbral)
                dest[i][j]=1;
            else
                 dest[i][j]=0;
    
}
 c000480:	e28dd00c 	add	sp, sp, #12
 c000484:	e8bd07f0 	pop	{r4, r5, r6, r7, r8, r9, sl}
 c000488:	e12fff1e 	bx	lr

0c00048c <rgb2gray>:


int rgb2gray(pixelRGB pixel) {
 c00048c:	e24dd010 	sub	sp, sp, #16
 c000490:	e28d3004 	add	r3, sp, #4
 c000494:	e8830007 	stm	r3, {r0, r1, r2}
    return  ( (2126*pixel.R + 7152*pixel.G + 722*pixel.B) /10000);
 c000498:	e59d3008 	ldr	r3, [sp, #8]
 c00049c:	e0631183 	rsb	r1, r3, r3, lsl #3
 c0004a0:	e0631301 	rsb	r1, r3, r1, lsl #6
 c0004a4:	e0802280 	add	r2, r0, r0, lsl #5
 c0004a8:	e0802102 	add	r2, r0, r2, lsl #2
 c0004ac:	e0603182 	rsb	r3, r0, r2, lsl #3
 c0004b0:	e1a02083 	lsl	r2, r3, #1
 c0004b4:	e0823201 	add	r3, r2, r1, lsl #4
 c0004b8:	e59d200c 	ldr	r2, [sp, #12]
 c0004bc:	e0821082 	add	r1, r2, r2, lsl #1
 c0004c0:	e0611201 	rsb	r1, r1, r1, lsl #4
 c0004c4:	e0822181 	add	r2, r2, r1, lsl #3
 c0004c8:	e0832082 	add	r2, r3, r2, lsl #1
 c0004cc:	e59f0010 	ldr	r0, [pc, #16]	; c0004e4 <rgb2gray+0x58>
 c0004d0:	e0c03092 	smull	r3, r0, r2, r0
 c0004d4:	e1a02fc2 	asr	r2, r2, #31
}
 c0004d8:	e0620640 	rsb	r0, r2, r0, asr #12
 c0004dc:	e28dd010 	add	sp, sp, #16
 c0004e0:	e12fff1e 	bx	lr
 c0004e4:	68db8bad 	.word	0x68db8bad

0c0004e8 <RGB2GrayMatrix>:
//-----------------------------------------------------------------------------------
//Las funciones que se definan en ensamblador deberán borrarse de este fichero
//de otra manera habría dos definciones de la misma función
//-----------------------------------------------------------------------------------

void RGB2GrayMatrix(pixelRGB orig[N][M], int dest[N][M], int nfilas, int ncols) {
 c0004e8:	e1a0c00d 	mov	ip, sp
 c0004ec:	e92ddff0 	push	{r4, r5, r6, r7, r8, r9, sl, fp, ip, lr, pc}
 c0004f0:	e24cb004 	sub	fp, ip, #4
 c0004f4:	e24dd00c 	sub	sp, sp, #12
 c0004f8:	e1a06003 	mov	r6, r3
    int i,j;
    
    for (i=0;i<nfilas;i++)
 c0004fc:	e3520000 	cmp	r2, #0
 c000500:	e50b2030 	str	r2, [fp, #-48]	; 0xffffffd0
 c000504:	c1a0a001 	movgt	sl, r1
 c000508:	c1a09000 	movgt	r9, r0
 c00050c:	c3a08000 	movgt	r8, #0
 c000510:	ca00000e 	bgt	c000550 <RGB2GrayMatrix+0x68>
 c000514:	ea000013 	b	c000568 <RGB2GrayMatrix+0x80>
        for (j=0; j<ncols; j++)
            dest[i][j] =  rgb2gray(orig[i][j]);
 c000518:	e0843084 	add	r3, r4, r4, lsl #1
 c00051c:	e0873103 	add	r3, r7, r3, lsl #2
 c000520:	e8930007 	ldm	r3, {r0, r1, r2}
 c000524:	ebffffd8 	bl	c00048c <rgb2gray>
 c000528:	e4850004 	str	r0, [r5], #4

void RGB2GrayMatrix(pixelRGB orig[N][M], int dest[N][M], int nfilas, int ncols) {
    int i,j;
    
    for (i=0;i<nfilas;i++)
        for (j=0; j<ncols; j++)
 c00052c:	e2844001 	add	r4, r4, #1
 c000530:	e1540006 	cmp	r4, r6
 c000534:	1afffff7 	bne	c000518 <RGB2GrayMatrix+0x30>
//-----------------------------------------------------------------------------------

void RGB2GrayMatrix(pixelRGB orig[N][M], int dest[N][M], int nfilas, int ncols) {
    int i,j;
    
    for (i=0;i<nfilas;i++)
 c000538:	e2888001 	add	r8, r8, #1
 c00053c:	e28aa010 	add	sl, sl, #16
 c000540:	e2899030 	add	r9, r9, #48	; 0x30
 c000544:	e51b3030 	ldr	r3, [fp, #-48]	; 0xffffffd0
 c000548:	e1580003 	cmp	r8, r3
 c00054c:	0a000005 	beq	c000568 <RGB2GrayMatrix+0x80>
        for (j=0; j<ncols; j++)
 c000550:	e3560000 	cmp	r6, #0
 c000554:	c1a07009 	movgt	r7, r9
 c000558:	c1a0500a 	movgt	r5, sl
 c00055c:	c3a04000 	movgt	r4, #0
 c000560:	caffffec 	bgt	c000518 <RGB2GrayMatrix+0x30>
 c000564:	eafffff3 	b	c000538 <RGB2GrayMatrix+0x50>
            dest[i][j] =  rgb2gray(orig[i][j]);
    
}
 c000568:	e24bd028 	sub	sp, fp, #40	; 0x28
 c00056c:	e89d6ff0 	ldm	sp, {r4, r5, r6, r7, r8, r9, sl, fp, sp, lr}
 c000570:	e12fff1e 	bx	lr
